-encoding
UTF-8
-outxml
-source
1.6
-target
1.6
-classpath
C:\Documents and Settings\심영재\.m2\repository\antlr\antlr\2.7.6\antlr-2.7.6.jar;C:\Documents and Settings\심영재\.m2\repository\aopalliance\aopalliance\1.0\aopalliance-1.0.jar;C:\Documents and Settings\심영재\.m2\repository\asm\asm\3.1\asm-3.1.jar;C:\Documents and Settings\심영재\.m2\repository\cglib\cglib\2.2\cglib-2.2.jar;C:\Documents and Settings\심영재\.m2\repository\cglib\cglib-nodep\2.2\cglib-nodep-2.2.jar;C:\Documents and Settings\심영재\.m2\repository\cglib\cglib-nodep\2.2\cglib-nodep-2.2.jar;C:\Documents and Settings\심영재\.m2\repository\commons-beanutils\commons-beanutils\1.8.0\commons-beanutils-1.8.0.jar;C:\Documents and Settings\심영재\.m2\repository\commons-collections\commons-collections\3.2.1\commons-collections-3.2.1.jar;C:\Documents and Settings\심영재\.m2\repository\commons-dbcp\commons-dbcp\1.3\commons-dbcp-1.3.jar;C:\Documents and Settings\심영재\.m2\repository\commons-dbcp\commons-dbcp\1.3\commons-dbcp-1.3.jar;C:\Documents and Settings\심영재\.m2\repository\commons-fileupload\commons-fileupload\1.2.1\commons-fileupload-1.2.1.jar;C:\Documents and Settings\심영재\.m2\repository\commons-fileupload\commons-fileupload\1.2.1\commons-fileupload-1.2.1.jar;C:\Documents and Settings\심영재\.m2\repository\commons-io\commons-io\2.0.1\commons-io-2.0.1.jar;C:\Documents and Settings\심영재\.m2\repository\commons-lang\commons-lang\2.4\commons-lang-2.4.jar;C:\Documents and Settings\심영재\.m2\repository\commons-logging\commons-logging\1.1.1\commons-logging-1.1.1.jar;C:\Documents and Settings\심영재\.m2\repository\commons-pool\commons-pool\1.5.4\commons-pool-1.5.4.jar;C:\Documents and Settings\심영재\.m2\repository\commons-pool\commons-pool\1.5.4\commons-pool-1.5.4.jar;C:\Documents and Settings\심영재\.m2\repository\dom4j\dom4j\1.6.1\dom4j-1.6.1.jar;C:\Documents and Settings\심영재\.m2\repository\javassist\javassist\3.12.0.GA\javassist-3.12.0.GA.jar;C:\Documents and Settings\심영재\.m2\repository\javax\servlet\servlet-api\2.5\servlet-api-2.5.jar;C:\Documents and Settings\심영재\.m2\repository\javax\transaction\jta\1.1\jta-1.1.jar;C:\Documents and Settings\심영재\.m2\repository\javax\transaction\jta\1.1\jta-1.1.jar;C:\Documents and Settings\심영재\.m2\repository\javax\validation\validation-api\1.0.0.GA\validation-api-1.0.0.GA.jar;C:\Documents and Settings\심영재\.m2\repository\javax\validation\validation-api\1.0.0.GA\validation-api-1.0.0.GA.jar;C:\Documents and Settings\심영재\.m2\repository\log4j\log4j\1.2.16\log4j-1.2.16.jar;C:\Documents and Settings\심영재\.m2\repository\mysql\mysql-connector-java\5.1.13\mysql-connector-java-5.1.13.jar;C:\Documents and Settings\심영재\.m2\repository\mysql\mysql-connector-java\5.1.13\mysql-connector-java-5.1.13.jar;C:\Documents and Settings\심영재\.m2\repository\net\sf\ezmorph\ezmorph\1.0.6\ezmorph-1.0.6.jar;C:\Documents and Settings\심영재\.m2\repository\net\sf\flexjson\flexjson\2.1\flexjson-2.1.jar;C:\Documents and Settings\심영재\.m2\repository\net\sf\json-lib\json-lib\2.3\json-lib-2.3-jdk15.jar;C:\Documents and Settings\심영재\.m2\repository\org\aspectj\aspectjrt\1.6.11\aspectjrt-1.6.11.jar;C:\Documents and Settings\심영재\.m2\repository\org\aspectj\aspectjweaver\1.6.11\aspectjweaver-1.6.11.jar;C:\Documents and Settings\심영재\.m2\repository\org\eclipse\jetty\jetty-continuation\8.0.0.M3\jetty-continuation-8.0.0.M3.jar;C:\Documents and Settings\심영재\.m2\repository\org\eclipse\jetty\jetty-http\8.0.0.M3\jetty-http-8.0.0.M3.jar;C:\Documents and Settings\심영재\.m2\repository\org\eclipse\jetty\jetty-io\8.0.0.M3\jetty-io-8.0.0.M3.jar;C:\Documents and Settings\심영재\.m2\repository\org\eclipse\jetty\jetty-server\8.0.0.M3\jetty-server-8.0.0.M3.jar;C:\Documents and Settings\심영재\.m2\repository\org\eclipse\jetty\jetty-util\8.0.0.M3\jetty-util-8.0.0.M3.jar;C:\Documents and Settings\심영재\.m2\repository\org\eclipse\jetty\jetty-websocket\8.0.0.M3\jetty-websocket-8.0.0.M3.jar;C:\Documents and Settings\심영재\.m2\repository\org\hibernate\hibernate-commons-annotations\3.2.0.Final\hibernate-commons-annotations-3.2.0.Final.jar;C:\Documents and Settings\심영재\.m2\repository\org\hibernate\hibernate-core\3.6.4.Final\hibernate-core-3.6.4.Final.jar;C:\Documents and Settings\심영재\.m2\repository\org\hibernate\hibernate-core\3.6.4.Final\hibernate-core-3.6.4.Final.jar;C:\Documents and Settings\심영재\.m2\repository\org\hibernate\hibernate-entitymanager\3.6.4.Final\hibernate-entitymanager-3.6.4.Final.jar;C:\Documents and Settings\심영재\.m2\repository\org\hibernate\hibernate-entitymanager\3.6.4.Final\hibernate-entitymanager-3.6.4.Final.jar;C:\Documents and Settings\심영재\.m2\repository\org\hibernate\hibernate-validator\4.1.0.Final\hibernate-validator-4.1.0.Final.jar;C:\Documents and Settings\심영재\.m2\repository\org\hibernate\hibernate-validator\4.1.0.Final\hibernate-validator-4.1.0.Final.jar;C:\Documents and Settings\심영재\.m2\repository\org\hibernate\javax\persistence\hibernate-jpa-2.0-api\1.0.0.Final\hibernate-jpa-2.0-api-1.0.0.Final.jar;C:\Documents and Settings\심영재\.m2\repository\org\hibernate\javax\persistence\hibernate-jpa-2.0-api\1.0.0.Final\hibernate-jpa-2.0-api-1.0.0.Final.jar;C:\Documents and Settings\심영재\.m2\repository\org\mortbay\jetty\servlet-api\3.0.20100224\servlet-api-3.0.20100224.jar;C:\Documents and Settings\심영재\.m2\repository\org\slf4j\jcl-over-slf4j\1.6.1\jcl-over-slf4j-1.6.1.jar;C:\Documents and Settings\심영재\.m2\repository\org\slf4j\slf4j-api\1.6.1\slf4j-api-1.6.1.jar;C:\Documents and Settings\심영재\.m2\repository\org\slf4j\slf4j-log4j12\1.6.1\slf4j-log4j12-1.6.1.jar;C:\Documents and Settings\심영재\.m2\repository\org\springframework\spring-aop\3.0.5.RELEASE\spring-aop-3.0.5.RELEASE.jar;C:\Documents and Settings\심영재\.m2\repository\org\springframework\spring-asm\3.0.5.RELEASE\spring-asm-3.0.5.RELEASE.jar;C:\Documents and Settings\심영재\.m2\repository\org\springframework\spring-aspects\3.0.5.RELEASE\spring-aspects-3.0.5.RELEASE.jar;C:\Documents and Settings\심영재\.m2\repository\org\springframework\spring-beans\3.0.5.RELEASE\spring-beans-3.0.5.RELEASE.jar;C:\Documents and Settings\심영재\.m2\repository\org\springframework\spring-context\3.0.5.RELEASE\spring-context-3.0.5.RELEASE.jar;C:\Documents and Settings\심영재\.m2\repository\org\springframework\spring-context-support\3.0.5.RELEASE\spring-context-support-3.0.5.RELEASE.jar;C:\Documents and Settings\심영재\.m2\repository\org\springframework\spring-core\3.0.5.RELEASE\spring-core-3.0.5.RELEASE.jar;C:\Documents and Settings\심영재\.m2\repository\org\springframework\spring-expression\3.0.5.RELEASE\spring-expression-3.0.5.RELEASE.jar;C:\Documents and Settings\심영재\.m2\repository\org\springframework\spring-jdbc\3.0.5.RELEASE\spring-jdbc-3.0.5.RELEASE.jar;C:\Documents and Settings\심영재\.m2\repository\org\springframework\spring-jdbc\3.0.5.RELEASE\spring-jdbc-3.0.5.RELEASE.jar;C:\Documents and Settings\심영재\.m2\repository\org\springframework\spring-orm\3.0.5.RELEASE\spring-orm-3.0.5.RELEASE.jar;C:\Documents and Settings\심영재\.m2\repository\org\springframework\spring-orm\3.0.5.RELEASE\spring-orm-3.0.5.RELEASE.jar;C:\Documents and Settings\심영재\.m2\repository\org\springframework\spring-tx\3.0.5.RELEASE\spring-tx-3.0.5.RELEASE.jar;C:\Documents and Settings\심영재\.m2\repository\org\springframework\spring-web\3.0.5.RELEASE\spring-web-3.0.5.RELEASE.jar;C:\Documents and Settings\심영재\.m2\repository\org\springframework\spring-web\3.0.5.RELEASE\spring-web-3.0.5.RELEASE.jar;C:\Documents and Settings\심영재\.m2\repository\org\springframework\roo\org.springframework.roo.annotations\1.1.5.RELEASE\org.springframework.roo.annotations-1.1.5.RELEASE.jar;D:\workspace\jenova_old\target\classes
-aspectpath
C:\Documents and Settings\심영재\.m2\repository\org\springframework\spring-aspects\3.0.5.RELEASE\spring-aspects-3.0.5.RELEASE.jar
-d
D:\workspace\jenova_old\target\classes
D:\workspace\jenova_old\src\main\java\co\hanul\jenova\domain\Tile_Roo_Configurable.aj
D:\workspace\jenova_old\src\main\java\co\hanul\jenova\web\JenovaWebSocket.java
D:\workspace\jenova_old\src\main\java\co\hanul\jenova\service\TileService.java
D:\workspace\jenova_old\src\main\java\co\hanul\jenova\domain\MapInfo_Roo_Configurable.aj
D:\workspace\jenova_old\src\main\java\co\hanul\jenova\UserInfo.java
D:\workspace\jenova_old\src\main\java\co\hanul\jenova\domain\MapTile_Roo_Entity.aj
D:\workspace\jenova_old\src\main\java\co\hanul\jenova\domain\MapInfo.java
D:\workspace\jenova_old\src\main\java\co\hanul\jenova\domain\Tile_Roo_ToString.aj
D:\workspace\jenova_old\src\main\java\co\hanul\jenova\service\ServiceSupport.java
D:\workspace\jenova_old\src\main\java\co\hanul\jenova\domain\TileBlock_Roo_Entity.aj
D:\workspace\jenova_old\src\main\java\co\hanul\jenova\domain\MapTile.java
D:\workspace\jenova_old\src\main\java\co\hanul\jenova\domain\TileBlock_Roo_ToString.aj
D:\workspace\jenova_old\src\main\java\co\hanul\jenova\ImageSize.java
D:\workspace\jenova_old\src\main\java\co\hanul\jenova\IdWrapper.java
D:\workspace\jenova_old\src\main\java\co\hanul\jenova\JenovaConfig.java
D:\workspace\jenova_old\src\main\java\co\hanul\jenova\domain\MapTile_Roo_JavaBean.aj
D:\workspace\jenova_old\src\main\java\co\hanul\jenova\domain\MapInfo_Roo_JavaBean.aj
D:\workspace\jenova_old\src\main\java\co\hanul\jenova\ReturnMessage.java
D:\workspace\jenova_old\src\main\java\co\hanul\jenova\domain\MapInfo_Roo_ToString.aj
D:\workspace\jenova_old\src\main\java\co\hanul\jenova\web\JenovaWebSocketServlet.java
D:\workspace\jenova_old\src\main\java\co\hanul\jenova\domain\Tile.java
D:\workspace\jenova_old\src\main\java\co\hanul\jenova\ImageSize_Roo_ToString.aj
D:\workspace\jenova_old\src\main\java\co\hanul\jenova\domain\TileBlock.java
D:\workspace\jenova_old\src\main\java\co\hanul\jenova\web\TempUploadServlet.java
D:\workspace\jenova_old\src\main\java\co\hanul\jenova\util\MySQLPassword.java
D:\workspace\jenova_old\src\main\java\co\hanul\jenova\domain\TileBlock_Roo_Configurable.aj
D:\workspace\jenova_old\src\main\java\co\hanul\jenova\domain\MapTile_Roo_ToString.aj
D:\workspace\jenova_old\src\main\java\co\hanul\jenova\ErrorMsgContainer.java
D:\workspace\jenova_old\src\main\java\co\hanul\jenova\domain\MapInfo_Roo_Entity.aj
D:\workspace\jenova_old\src\main\java\co\hanul\jenova\service\MapService.java
D:\workspace\jenova_old\src\main\java\co\hanul\jenova\domain\Tile_Roo_Entity.aj
D:\workspace\jenova_old\src\main\java\co\hanul\jenova\domain\TileBlock_Roo_JavaBean.aj
D:\workspace\jenova_old\src\main\java\co\hanul\jenova\domain\Tile_Roo_JavaBean.aj
D:\workspace\jenova_old\src\main\java\co\hanul\jenova\domain\MapTile_Roo_Configurable.aj
